<?xml version="1.0" encoding="UTF-8"?>
<testng-results ignored="0" total="2" passed="2" failed="0" skipped="0">
  <reporter-output>
  </reporter-output>
  <suite started-at="2020-07-22T23:30:04 EDT" name="Default suite" finished-at="2020-07-22T23:30:05 EDT" duration-ms="856">
    <groups>
    </groups>
    <test started-at="2020-07-22T23:30:04 EDT" name="Default test" finished-at="2020-07-22T23:30:05 EDT" duration-ms="856">
      <class name="testCases.T01_Get_Request">
        <test-method is-config="true" signature="setUp()[pri:0, instance:testCases.T01_Get_Request@10d68fcd]" started-at="2020-07-22T23:30:04 EDT" name="setUp" finished-at="2020-07-22T23:30:04 EDT" duration-ms="379" status="PASS">
          <reporter-output>
          </reporter-output>
        </test-method> <!-- setUp -->
        <test-method signature="checkResponseBody1()[pri:0, instance:testCases.T01_Get_Request@10d68fcd]" started-at="2020-07-22T23:30:04 EDT" name="checkResponseBody1" finished-at="2020-07-22T23:30:05 EDT" duration-ms="695" status="PASS">
          <reporter-output>
          </reporter-output>
        </test-method> <!-- checkResponseBody1 -->
        <test-method signature="getRequest2()[pri:0, instance:testCases.T01_Get_Request@10d68fcd]" started-at="2020-07-22T23:30:05 EDT" name="getRequest2" finished-at="2020-07-22T23:30:05 EDT" duration-ms="145" status="PASS">
          <reporter-output>
          </reporter-output>
        </test-method> <!-- getRequest2 -->
        <test-method is-config="true" signature="tearDown()[pri:0, instance:testCases.T01_Get_Request@10d68fcd]" started-at="2020-07-22T23:30:10 EDT" name="tearDown" finished-at="2020-07-22T23:30:10 EDT" duration-ms="1" status="PASS">
          <reporter-output>
          </reporter-output>
        </test-method> <!-- tearDown -->
      </class> <!-- testCases.T01_Get_Request -->
    </test> <!-- Default test -->
  </suite> <!-- Default suite -->
</testng-results>
